0 info it worked if it ends with ok
1 verbose cli [ '/usr/local/bin/node',
1 verbose cli   '/usr/local/bin/npm',
1 verbose cli   'uninstall',
1 verbose cli   '--save-dev',
1 verbose cli   'gulp-jasmine2-phantomjs' ]
2 info using npm@1.4.28
3 info using node@v0.10.33
4 verbose node_modules/gulp-jasmine2-phantomjs unbuild
5 info preuninstall gulp-jasmine2-phantomjs@0.2.0
6 info uninstall gulp-jasmine2-phantomjs@0.2.0
7 verbose true,/Users/mjuniper/dev/opendata-starter-backbone/node_modules,/Users/mjuniper/dev/opendata-starter-backbone/node_modules unbuild gulp-jasmine2-phantomjs@0.2.0
8 info postuninstall gulp-jasmine2-phantomjs@0.2.0
9 error Error: EACCES, unlink '/Users/mjuniper/dev/opendata-starter-backbone/node_modules/gulp-jasmine2-phantomjs/node_modules/.bin/phantomjs'
9 error  { [Error: EACCES, unlink '/Users/mjuniper/dev/opendata-starter-backbone/node_modules/gulp-jasmine2-phantomjs/node_modules/.bin/phantomjs']
9 error   errno: 3,
9 error   code: 'EACCES',
9 error   path: '/Users/mjuniper/dev/opendata-starter-backbone/node_modules/gulp-jasmine2-phantomjs/node_modules/.bin/phantomjs' }
10 error Please try running this command again as root/Administrator.
11 error System Darwin 13.4.0
12 error command "/usr/local/bin/node" "/usr/local/bin/npm" "uninstall" "--save-dev" "gulp-jasmine2-phantomjs"
13 error cwd /Users/mjuniper/dev/opendata-starter-backbone
14 error node -v v0.10.33
15 error npm -v 1.4.28
16 error path /Users/mjuniper/dev/opendata-starter-backbone/node_modules/gulp-jasmine2-phantomjs/node_modules/.bin/phantomjs
17 error code EACCES
18 error errno 3
19 error stack Error: EACCES, unlink '/Users/mjuniper/dev/opendata-starter-backbone/node_modules/gulp-jasmine2-phantomjs/node_modules/.bin/phantomjs'
20 verbose exit [ 3, true ]
